  Soure.cpp
C:\Users\Alex\Desktop\Job\Robot\Robot\Project1\Soure.cpp(74,39): warning C4305: 'argument': truncation from 'double' to 'GLclampf'
C:\Users\Alex\Desktop\Job\Robot\Robot\Project1\Soure.cpp(255,21): warning C4305: '+=': truncation from 'double' to 'GLfloat'
C:\Users\Alex\Desktop\Job\Robot\Robot\Project1\Soure.cpp(261,21): warning C4305: '-=': truncation from 'double' to 'GLfloat'
C:\Users\Alex\Desktop\Job\Robot\Robot\Project1\Soure.cpp(268,29): warning C4305: 'argument': truncation from 'double' to 'GLfloat'
C:\Users\Alex\Desktop\Job\Robot\Robot\Project1\Soure.cpp(270,32): warning C4305: 'argument': truncation from 'double' to 'GLfloat'
C:\Users\Alex\Desktop\Job\Robot\Robot\Project1\Soure.cpp(341,29): warning C4305: 'argument': truncation from 'double' to 'GLfloat'
C:\Users\Alex\Desktop\Job\Robot\Robot\Project1\Soure.cpp(343,32): warning C4305: 'argument': truncation from 'double' to 'GLfloat'
C:\Users\Alex\Desktop\Job\Robot\Robot\Project1\Soure.cpp(404,29): warning C4305: 'argument': truncation from 'double' to 'GLfloat'
C:\Users\Alex\Desktop\Job\Robot\Robot\Project1\Soure.cpp(406,32): warning C4305: 'argument': truncation from 'double' to 'GLfloat'
C:\Users\Alex\Desktop\Job\Robot\Robot\Project1\Soure.cpp(468,29): warning C4305: 'argument': truncation from 'double' to 'GLfloat'
C:\Users\Alex\Desktop\Job\Robot\Robot\Project1\Soure.cpp(470,32): warning C4305: 'argument': truncation from 'double' to 'GLfloat'
C:\Users\Alex\Desktop\Job\Robot\Robot\Project1\Soure.cpp(541,29): warning C4305: 'argument': truncation from 'double' to 'GLfloat'
C:\Users\Alex\Desktop\Job\Robot\Robot\Project1\Soure.cpp(543,32): warning C4305: 'argument': truncation from 'double' to 'GLfloat'
C:\Users\Alex\Desktop\Job\Robot\Robot\Project1\Soure.cpp(614,29): warning C4305: 'argument': truncation from 'double' to 'GLfloat'
C:\Users\Alex\Desktop\Job\Robot\Robot\Project1\Soure.cpp(616,32): warning C4305: 'argument': truncation from 'double' to 'GLfloat'
C:\Users\Alex\Desktop\Job\Robot\Robot\Project1\Soure.cpp(676,29): warning C4305: 'argument': truncation from 'double' to 'GLfloat'
C:\Users\Alex\Desktop\Job\Robot\Robot\Project1\Soure.cpp(678,32): warning C4305: 'argument': truncation from 'double' to 'GLfloat'
C:\Users\Alex\Desktop\Job\Robot\Robot\Project1\Soure.cpp(749,29): warning C4305: 'argument': truncation from 'double' to 'GLfloat'
C:\Users\Alex\Desktop\Job\Robot\Robot\Project1\Soure.cpp(751,32): warning C4305: 'argument': truncation from 'double' to 'GLfloat'
C:\Users\Alex\Desktop\Job\Robot\Robot\Project1\Soure.cpp(818,29): warning C4305: 'argument': truncation from 'double' to 'GLfloat'
C:\Users\Alex\Desktop\Job\Robot\Robot\Project1\Soure.cpp(820,32): warning C4305: 'argument': truncation from 'double' to 'GLfloat'
C:\Users\Alex\Desktop\Job\Robot\Robot\Project1\Soure.cpp(887,29): warning C4305: 'argument': truncation from 'double' to 'GLfloat'
C:\Users\Alex\Desktop\Job\Robot\Robot\Project1\Soure.cpp(889,32): warning C4305: 'argument': truncation from 'double' to 'GLfloat'
C:\Users\Alex\Desktop\Job\Robot\Robot\Project1\Soure.cpp(956,29): warning C4305: 'argument': truncation from 'double' to 'GLfloat'
C:\Users\Alex\Desktop\Job\Robot\Robot\Project1\Soure.cpp(958,32): warning C4305: 'argument': truncation from 'double' to 'GLfloat'
C:\Users\Alex\Desktop\Job\Robot\Robot\Project1\Soure.cpp(1027,29): warning C4305: 'argument': truncation from 'double' to 'GLfloat'
C:\Users\Alex\Desktop\Job\Robot\Robot\Project1\Soure.cpp(1029,32): warning C4305: 'argument': truncation from 'double' to 'GLfloat'
C:\Users\Alex\Desktop\Job\Robot\Robot\Project1\Soure.cpp(1031,32): warning C4305: 'argument': truncation from 'double' to 'GLfloat'
C:\Users\Alex\Desktop\Job\Robot\Robot\Project1\Soure.cpp(1040,29): warning C4305: 'argument': truncation from 'double' to 'GLfloat'
C:\Users\Alex\Desktop\Job\Robot\Robot\Project1\Soure.cpp(1042,32): warning C4305: 'argument': truncation from 'double' to 'GLfloat'
C:\Users\Alex\Desktop\Job\Robot\Robot\Project1\Soure.cpp(1044,32): warning C4305: 'argument': truncation from 'double' to 'GLfloat'
C:\Users\Alex\Desktop\Job\Robot\Robot\Project1\Soure.cpp(1053,29): warning C4305: 'argument': truncation from 'double' to 'GLfloat'
C:\Users\Alex\Desktop\Job\Robot\Robot\Project1\Soure.cpp(1055,32): warning C4305: 'argument': truncation from 'double' to 'GLfloat'
C:\Users\Alex\Desktop\Job\Robot\Robot\Project1\Soure.cpp(1057,31): warning C4305: 'argument': truncation from 'double' to 'GLfloat'
C:\Users\Alex\Desktop\Job\Robot\Robot\Project1\Soure.cpp(1066,29): warning C4305: 'argument': truncation from 'double' to 'GLfloat'
C:\Users\Alex\Desktop\Job\Robot\Robot\Project1\Soure.cpp(1068,32): warning C4305: 'argument': truncation from 'double' to 'GLfloat'
C:\Users\Alex\Desktop\Job\Robot\Robot\Project1\Soure.cpp(1069,31): warning C4305: 'argument': truncation from 'double' to 'GLfloat'
C:\Users\Alex\Desktop\Job\Robot\Robot\Project1\Soure.cpp(1078,29): warning C4305: 'argument': truncation from 'double' to 'GLfloat'
C:\Users\Alex\Desktop\Job\Robot\Robot\Project1\Soure.cpp(1080,32): warning C4305: 'argument': truncation from 'double' to 'GLfloat'
C:\Users\Alex\Desktop\Job\Robot\Robot\Project1\Soure.cpp(1082,32): warning C4305: 'argument': truncation from 'double' to 'GLfloat'
C:\Users\Alex\Desktop\Job\Robot\Robot\Project1\Soure.cpp(1091,29): warning C4305: 'argument': truncation from 'double' to 'GLfloat'
C:\Users\Alex\Desktop\Job\Robot\Robot\Project1\Soure.cpp(1093,32): warning C4305: 'argument': truncation from 'double' to 'GLfloat'
C:\Users\Alex\Desktop\Job\Robot\Robot\Project1\Soure.cpp(1095,31): warning C4305: 'argument': truncation from 'double' to 'GLfloat'
C:\Users\Alex\Desktop\Job\Robot\Robot\Project1\Soure.cpp(1104,29): warning C4305: 'argument': truncation from 'double' to 'GLfloat'
C:\Users\Alex\Desktop\Job\Robot\Robot\Project1\Soure.cpp(1106,32): warning C4305: 'argument': truncation from 'double' to 'GLfloat'
C:\Users\Alex\Desktop\Job\Robot\Robot\Project1\Soure.cpp(1108,32): warning C4305: 'argument': truncation from 'double' to 'GLfloat'
C:\Users\Alex\Desktop\Job\Robot\Robot\Project1\Soure.cpp(1117,29): warning C4305: 'argument': truncation from 'double' to 'GLfloat'
C:\Users\Alex\Desktop\Job\Robot\Robot\Project1\Soure.cpp(1119,32): warning C4305: 'argument': truncation from 'double' to 'GLfloat'
C:\Users\Alex\Desktop\Job\Robot\Robot\Project1\Soure.cpp(1121,31): warning C4305: 'argument': truncation from 'double' to 'GLfloat'
C:\Users\Alex\Desktop\Job\Robot\Robot\Project1\Soure.cpp(1130,29): warning C4305: 'argument': truncation from 'double' to 'GLfloat'
C:\Users\Alex\Desktop\Job\Robot\Robot\Project1\Soure.cpp(1132,32): warning C4305: 'argument': truncation from 'double' to 'GLfloat'
C:\Users\Alex\Desktop\Job\Robot\Robot\Project1\Soure.cpp(1134,35): warning C4305: 'argument': truncation from 'double' to 'GLfloat'
C:\Users\Alex\Desktop\Job\Robot\Robot\Project1\Soure.cpp(1143,29): warning C4305: 'argument': truncation from 'double' to 'GLfloat'
C:\Users\Alex\Desktop\Job\Robot\Robot\Project1\Soure.cpp(1145,32): warning C4305: 'argument': truncation from 'double' to 'GLfloat'
C:\Users\Alex\Desktop\Job\Robot\Robot\Project1\Soure.cpp(1147,34): warning C4305: 'argument': truncation from 'double' to 'GLfloat'
C:\Users\Alex\Desktop\Job\Robot\Robot\Project1\Soure.cpp(1155,29): warning C4305: 'argument': truncation from 'double' to 'GLfloat'
C:\Users\Alex\Desktop\Job\Robot\Robot\Project1\Soure.cpp(1157,32): warning C4305: 'argument': truncation from 'double' to 'GLfloat'
C:\Users\Alex\Desktop\Job\Robot\Robot\Project1\Soure.cpp(1159,32): warning C4305: 'argument': truncation from 'double' to 'GLfloat'
C:\Users\Alex\Desktop\Job\Robot\Robot\Project1\Soure.cpp(1167,29): warning C4305: 'argument': truncation from 'double' to 'GLfloat'
C:\Users\Alex\Desktop\Job\Robot\Robot\Project1\Soure.cpp(1169,32): warning C4305: 'argument': truncation from 'double' to 'GLfloat'
C:\Users\Alex\Desktop\Job\Robot\Robot\Project1\Soure.cpp(1171,31): warning C4305: 'argument': truncation from 'double' to 'GLfloat'
C:\Users\Alex\Desktop\Job\Robot\Robot\Project1\Soure.cpp(1179,29): warning C4305: 'argument': truncation from 'double' to 'GLfloat'
C:\Users\Alex\Desktop\Job\Robot\Robot\Project1\Soure.cpp(1181,32): warning C4305: 'argument': truncation from 'double' to 'GLfloat'
C:\Users\Alex\Desktop\Job\Robot\Robot\Project1\Soure.cpp(1183,30): warning C4305: 'argument': truncation from 'double' to 'GLfloat'
C:\Users\Alex\Desktop\Job\Robot\Robot\Project1\Soure.cpp(1191,29): warning C4305: 'argument': truncation from 'double' to 'GLfloat'
C:\Users\Alex\Desktop\Job\Robot\Robot\Project1\Soure.cpp(1193,32): warning C4305: 'argument': truncation from 'double' to 'GLfloat'
C:\Users\Alex\Desktop\Job\Robot\Robot\Project1\Soure.cpp(1195,30): warning C4305: 'argument': truncation from 'double' to 'GLfloat'
C:\Users\Alex\Desktop\Job\Robot\Robot\Project1\Soure.cpp(1203,29): warning C4305: 'argument': truncation from 'double' to 'GLfloat'
C:\Users\Alex\Desktop\Job\Robot\Robot\Project1\Soure.cpp(1205,32): warning C4305: 'argument': truncation from 'double' to 'GLfloat'
C:\Users\Alex\Desktop\Job\Robot\Robot\Project1\Soure.cpp(1215,29): warning C4305: 'argument': truncation from 'double' to 'GLfloat'
C:\Users\Alex\Desktop\Job\Robot\Robot\Project1\Soure.cpp(1217,32): warning C4305: 'argument': truncation from 'double' to 'GLfloat'
C:\Users\Alex\Desktop\Job\Robot\Robot\Project1\Soure.cpp(1226,29): warning C4305: 'argument': truncation from 'double' to 'GLfloat'
C:\Users\Alex\Desktop\Job\Robot\Robot\Project1\Soure.cpp(1228,32): warning C4305: 'argument': truncation from 'double' to 'GLfloat'
C:\Users\Alex\Desktop\Job\Robot\Robot\Project1\Soure.cpp(1299,29): warning C4305: 'argument': truncation from 'double' to 'GLfloat'
C:\Users\Alex\Desktop\Job\Robot\Robot\Project1\Soure.cpp(1301,32): warning C4305: 'argument': truncation from 'double' to 'GLfloat'
C:\Users\Alex\Desktop\Job\Robot\Robot\Project1\Soure.cpp(1390,31): warning C4305: 'argument': truncation from 'double' to 'GLfloat'
C:\Users\Alex\Desktop\Job\Robot\Robot\Project1\Soure.cpp(1426,34): warning C4305: 'argument': truncation from 'double' to 'GLfloat'
C:\Users\Alex\Desktop\Job\Robot\Robot\Project1\Soure.cpp(1435,35): warning C4305: 'argument': truncation from 'double' to 'GLfloat'
C:\Users\Alex\Desktop\Job\Robot\Robot\Project1\Soure.cpp(1447,34): warning C4305: 'argument': truncation from 'double' to 'GLfloat'
C:\Users\Alex\Desktop\Job\Robot\Robot\Project1\Soure.cpp(1457,34): warning C4305: 'argument': truncation from 'double' to 'GLfloat'
C:\Users\Alex\Desktop\Job\Robot\Robot\Project1\Soure.cpp(1502,28): warning C4305: 'argument': truncation from 'double' to 'GLfloat'
C:\Users\Alex\Desktop\Job\Robot\Robot\Project1\Soure.cpp(1509,26): warning C4305: 'argument': truncation from 'double' to 'GLfloat'
  Project1.vcxproj -> C:\Users\Alex\Desktop\Job\Robot\Robot\Debug\Project1.exe
